{
  "RSpec": {
    "coverage": {
      "/Users/supinternet15/Desktop/finalRubyProject/app/models/user.rb": [
        1,
        null,
        null,
        1,
        null,
        null,
        1,
        null,
        null,
        null
      ],
      "/Users/supinternet15/Desktop/finalRubyProject/app/models/application_record.rb": [
        1,
        1,
        null
      ],
      "/Users/supinternet15/Desktop/finalRubyProject/app/helpers/application_helper.rb": [
        1,
        null
      ],
      "/Users/supinternet15/Desktop/finalRubyProject/app/helpers/comments_helper.rb": [
        1,
        null
      ],
      "/Users/supinternet15/Desktop/finalRubyProject/app/helpers/gazooies_helper.rb": [
        1,
        null
      ],
      "/Users/supinternet15/Desktop/finalRubyProject/app/helpers/hash_tags_helper.rb": [
        1,
        null
      ],
      "/Users/supinternet15/Desktop/finalRubyProject/app/helpers/news_helper.rb": [
        1,
        null
      ],
      "/Users/supinternet15/Desktop/finalRubyProject/app/controllers/news_controller.rb": [
        1,
        null
      ],
      "/Users/supinternet15/Desktop/finalRubyProject/app/controllers/application_controller.rb": [
        1,
        1,
        null,
        1,
        null,
        null,
        null,
        1,
        null,
        1,
        0,
        0,
        0,
        null,
        null
      ],
      "/Users/supinternet15/Desktop/finalRubyProject/app/channels/application_cable/channel.rb": [
        0,
        0,
        0,
        0
      ],
      "/Users/supinternet15/Desktop/finalRubyProject/app/channels/application_cable/connection.rb": [
        0,
        0,
        0,
        0
      ],
      "/Users/supinternet15/Desktop/finalRubyProject/app/controllers/api/gazooies_controller.rb": [
        0,
        0,
        null,
        0,
        0
      ],
      "/Users/supinternet15/Desktop/finalRubyProject/app/controllers/comments_controller.rb": [
        0,
        0
      ],
      "/Users/supinternet15/Desktop/finalRubyProject/app/controllers/gazooies_controller.rb": [
        0,
        0
      ],
      "/Users/supinternet15/Desktop/finalRubyProject/app/controllers/hash_tags_controller.rb": [
        0,
        0
      ],
      "/Users/supinternet15/Desktop/finalRubyProject/app/jobs/application_job.rb": [
        0,
        0
      ],
      "/Users/supinternet15/Desktop/finalRubyProject/app/mailers/application_mailer.rb": [
        0,
        0,
        0,
        0
      ]
    },
    "timestamp": 1530881242
  }
}
